<?xml version="1.0" encoding="UTF-8"?>
<!-- Generated by org.testng.reporters.JUnitXMLReporter -->
<testsuite ignored="2" hostname="DESKTOP-3R4E2QP" failures="0" tests="2" name="Test" time="7.211" errors="0" timestamp="2022-11-30T22:06:08 EST">
  <testcase classname="TestNG.Automation.TestAutomation" name="testcase1" time="0.012"/>
  <testcase classname="TestNG.Automation.TestAutomation" name="testcase4" time="2.354"/>
  <testcase classname="TestNG.Automation.TestAutomation" name="testcase2" time="0.0">
    <ignored/>
  </testcase> <!-- testcase2 -->
  <testcase classname="TestNG.Automation.TestAutomation" name="testcase3" time="0.0">
    <ignored/>
  </testcase> <!-- testcase3 -->
</testsuite> <!-- Test -->
