<?xml version="1.0" encoding="UTF-8"?>
<!-- Generated by org.testng.reporters.JUnitXMLReporter -->
<testsuite ignored="1" hostname="DESKTOP-3R4E2QP" failures="0" tests="3" name="Default test" time="10.097" errors="0" timestamp="2022-11-30T22:04:39 EST">
  <testcase classname="TestNG.Automation.TestAutomation" name="testcase1" time="0.015"/>
  <testcase classname="TestNG.Automation.TestAutomation" name="testcase3" time="2.356"/>
  <testcase classname="TestNG.Automation.TestAutomation" name="testcase4" time="2.279"/>
  <testcase classname="TestNG.Automation.TestAutomation" name="testcase2" time="0.0">
    <ignored/>
  </testcase> <!-- testcase2 -->
</testsuite> <!-- Default test -->
