<?xml version="1.0" encoding="UTF-8"?>
<testng-results ignored="2" total="4" passed="2" failed="0" skipped="0">
  <reporter-output>
  </reporter-output>
  <suite started-at="2022-11-30T22:06:01 EST" name="Suite" finished-at="2022-11-30T22:06:08 EST" duration-ms="7211">
    <groups>
      <group name="Functional">
        <method signature="TestAutomation.testcase1()[pri:0, instance:TestNG.Automation.TestAutomation@60bd273d]" name="testcase1" class="TestNG.Automation.TestAutomation"/>
        <method signature="TestAutomation.testcase4()[pri:0, instance:TestNG.Automation.TestAutomation@60bd273d]" name="testcase4" class="TestNG.Automation.TestAutomation"/>
      </group> <!-- Functional -->
      <group name="Regression">
        <method signature="TestAutomation.testcase4()[pri:0, instance:TestNG.Automation.TestAutomation@60bd273d]" name="testcase4" class="TestNG.Automation.TestAutomation"/>
      </group> <!-- Regression -->
    </groups>
    <test started-at="2022-11-30T22:06:01 EST" name="Test" finished-at="2022-11-30T22:06:08 EST" duration-ms="7211">
      <class name="TestNG.Automation.TestAutomation">
        <test-method is-config="true" signature="beforeClass()[pri:0, instance:TestNG.Automation.TestAutomation@60bd273d]" started-at="2022-11-30T22:06:01 EST" name="beforeClass" finished-at="2022-11-30T22:06:05 EST" duration-ms="4583" status="PASS">
          <reporter-output>
          </reporter-output>
        </test-method> <!-- beforeClass -->
        <test-method signature="testcase1()[pri:0, instance:TestNG.Automation.TestAutomation@60bd273d]" started-at="2022-11-30T22:06:05 EST" name="testcase1" finished-at="2022-11-30T22:06:05 EST" duration-ms="12" status="PASS">
          <reporter-output>
          </reporter-output>
        </test-method> <!-- testcase1 -->
        <test-method signature="testcase4()[pri:0, instance:TestNG.Automation.TestAutomation@60bd273d]" started-at="2022-11-30T22:06:05 EST" name="testcase4" finished-at="2022-11-30T22:06:08 EST" duration-ms="2354" status="PASS">
          <reporter-output>
          </reporter-output>
        </test-method> <!-- testcase4 -->
        <test-method is-config="true" signature="afterClass()[pri:0, instance:TestNG.Automation.TestAutomation@60bd273d]" started-at="2022-11-30T22:06:08 EST" name="afterClass" finished-at="2022-11-30T22:06:08 EST" duration-ms="213" status="PASS">
          <reporter-output>
          </reporter-output>
        </test-method> <!-- afterClass -->
      </class> <!-- TestNG.Automation.TestAutomation -->
    </test> <!-- Test -->
  </suite> <!-- Suite -->
</testng-results>
